<?xml version="1.0" encoding="UTF-8"?>
<!-- Generated by org.testng.reporters.JUnitXMLReporter -->
<testsuite ignored="2" hostname="DESKTOP-ALVIBGB" failures="0" tests="2" name="Check hover random category" time="9.979" errors="0" timestamp="2024-06-09T23:34:35 EET">
  <testcase classname="TestCases.TC03_Login" name="loginWithValidDate_P" time="2.339"/>
  <testcase classname="TestCases.TC06_Category" name="chooseRandomCategory_P" time="1.323"/>
  <testcase classname="TestCases.Testbase" name="@AfterTest closeDriver" time="0.0">
    <ignored/>
  </testcase> <!-- @AfterTest closeDriver -->
  <testcase classname="TestCases.Testbase" name="@BeforeTest openHomePage" time="0.0">
    <ignored/>
  </testcase> <!-- @BeforeTest openHomePage -->
</testsuite> <!-- Check hover random category -->
