<?xml version="1.0" encoding="UTF-8"?>
<!-- Generated by org.testng.reporters.JUnitXMLReporter -->
<testsuite ignored="2" hostname="DESKTOP-ALVIBGB" failures="0" tests="1" name="Check search product" time="7.702" errors="0" timestamp="2024-06-08T09:24:08 EET">
  <testcase classname="TestCases.TC01_Home" name="searchForProduct_P" time="1.357"/>
  <testcase classname="TestCases.TC01_Home" name="switchBetweenCurrencies_P" time="0.0">
    <ignored/>
  </testcase> <!-- switchBetweenCurrencies_P -->
  <testcase classname="TestCases.TC01_Home" name="clickOnLogOutButton_P" time="0.0">
    <ignored/>
  </testcase> <!-- clickOnLogOutButton_P -->
</testsuite> <!-- Check search product -->
