<?xml version="1.0" encoding="UTF-8"?>
<!-- Generated by org.testng.reporters.JUnitXMLReporter -->
<testsuite ignored="2" hostname="DESKTOP-ALVIBGB" failures="0" tests="1" name="Switch Between Currencies" time="7.213" errors="0" timestamp="2024-06-08T09:24:15 EET">
  <testcase classname="TestCases.TC01_Home" name="switchBetweenCurrencies_P" time="1.873"/>
  <testcase classname="TestCases.TC01_Home" name="clickOnLogOutButton_P" time="0.0">
    <ignored/>
  </testcase> <!-- clickOnLogOutButton_P -->
  <testcase classname="TestCases.TC01_Home" name="searchForProduct_P" time="0.0">
    <ignored/>
  </testcase> <!-- searchForProduct_P -->
</testsuite> <!-- Switch Between Currencies -->
