<?xml version="1.0" encoding="UTF-8"?>
<!-- Generated by org.testng.reporters.JUnitXMLReporter -->
<testsuite ignored="0" hostname="DESKTOP-ALVIBGB" failures="0" tests="11" name="nop-Commerce-Project" time="90.879" errors="0" timestamp="2024-05-18T15:31:51 EET">
  <testcase classname="TestCases.TC01_Login" name="registerWithValidDate" time="4.572"/>
  <testcase classname="TestCases.TC01_Login" name="loginWithValidDate" time="4.684"/>
  <testcase classname="TestCases.TC01_Login" name="resetPassword" time="4.671"/>
  <testcase classname="TestCases.TC01_Login" name="searchForProduct" time="6.899"/>
  <testcase classname="TestCases.TC01_Login" name="canSwitchBetweenCurrencies" time="5.578"/>
  <testcase classname="TestCases.TC01_Login" name="hoverToRandomCategory" time="6.797"/>
  <testcase classname="TestCases.TC01_Login" name="filterByRandomColor" time="7.847"/>
  <testcase classname="TestCases.TC01_Login" name="addRandomProductToTheCart" time="9.079"/>
  <testcase classname="TestCases.TC01_Login" name="addRandomProductToTheWishlist" time="6.688"/>
  <testcase classname="TestCases.TC01_Login" name="addRandomProductToTheCompareProductPage" time="6.362"/>
  <testcase classname="TestCases.TC01_Login" name="butRandomProduct" time="12.381"/>
</testsuite> <!-- nop-Commerce-Project -->
