<?xml version="1.0" encoding="UTF-8"?>
<!-- Generated by org.testng.reporters.JUnitXMLReporter -->
<testsuite ignored="3" hostname="DESKTOP-ALVIBGB" failures="1" tests="1" name="nop-Commerce-Project-NewStyle" time="17.484" errors="0" timestamp="2024-06-08T09:57:56 EET">
  <testcase classname="TestCases.TC05_Product" name="addRandomProductToWhishList_P" time="6.068">
    <failure type="java.lang.AssertionError" message="expected [true] but found [false]">
      <![CDATA[java.lang.AssertionError: expected [true] but found [false]
at TestCases.TC05_Product.addRandomProductToWhishList_P(TC05_Product.java:50)
at java.base/java.util.ArrayList.forEach(ArrayList.java:1511)
at com.intellij.rt.testng.IDEARemoteTestNG.run(IDEARemoteTestNG.java:65)
at com.intellij.rt.testng.RemoteTestNGStarter.main(RemoteTestNGStarter.java:105)
... Removed 26 stack frames]]>
    </failure>
  </testcase> <!-- addRandomProductToWhishList_P -->
  <testcase classname="TestCases.TC05_Product" name="filterByRandomColor_P" time="0.0">
    <ignored/>
  </testcase> <!-- filterByRandomColor_P -->
  <testcase classname="TestCases.TC05_Product" name="addRandomProductToCart_P" time="0.0">
    <ignored/>
  </testcase> <!-- addRandomProductToCart_P -->
  <testcase classname="TestCases.TC05_Product" name="addRandomProductToCompareList_P" time="0.0">
    <ignored/>
  </testcase> <!-- addRandomProductToCompareList_P -->
</testsuite> <!-- nop-Commerce-Project-NewStyle -->
