<?xml version="1.0" encoding="UTF-8"?>
<!-- Generated by org.testng.reporters.JUnitXMLReporter -->
<testsuite ignored="3" hostname="DESKTOP-ALVIBGB" failures="1" tests="1" name="filter by random color" time="17.143" errors="0" timestamp="2024-06-07T19:21:17 EET">
  <testcase classname="TestCases.TC05_Product" name="filterByRandomColor_P" time="2.667">
    <failure type="java.lang.IllegalArgumentException" message="bound must be positive">
      <![CDATA[java.lang.IllegalArgumentException: bound must be positive
at java.base/java.util.Random.nextInt(Random.java:557)
at Util.Utility.generateRandomNumberBasedOnMaxNumberList(Utility.java:33)
at TestCases.TC05_Product.filterByRandomColor_P(TC05_Product.java:24)
at java.base/java.util.ArrayList.forEach(ArrayList.java:1511)
at com.intellij.rt.testng.IDEARemoteTestNG.run(IDEARemoteTestNG.java:65)
at com.intellij.rt.testng.RemoteTestNGStarter.main(RemoteTestNGStarter.java:105)
... Removed 23 stack frames]]>
    </failure>
  </testcase> <!-- filterByRandomColor_P -->
  <testcase classname="TestCases.TC05_Product" name="addRandomProductToWhishList_P" time="0.0">
    <ignored/>
  </testcase> <!-- addRandomProductToWhishList_P -->
  <testcase classname="TestCases.TC05_Product" name="addRandomProductToCart_P" time="0.0">
    <ignored/>
  </testcase> <!-- addRandomProductToCart_P -->
  <testcase classname="TestCases.TC05_Product" name="addRandomProductToCompareList_P" time="0.0">
    <ignored/>
  </testcase> <!-- addRandomProductToCompareList_P -->
</testsuite> <!-- filter by random color -->
