<?xml version="1.0" encoding="UTF-8"?>
<!-- Generated by org.testng.reporters.JUnitXMLReporter -->
<testsuite ignored="3" hostname="DESKTOP-ALVIBGB" failures="0" tests="1" name="Add Random Product To Cart" time="16.055" errors="0" timestamp="2024-06-08T10:00:15 EET">
  <testcase classname="TestCases.TC05_Product" name="addRandomProductToCart_P" time="6.748"/>
  <testcase classname="TestCases.TC05_Product" name="addRandomProductToWhishList_P" time="0.0">
    <ignored/>
  </testcase> <!-- addRandomProductToWhishList_P -->
  <testcase classname="TestCases.TC05_Product" name="addRandomProductToCompareList_P" time="0.0">
    <ignored/>
  </testcase> <!-- addRandomProductToCompareList_P -->
  <testcase classname="TestCases.TC05_Product" name="filterByRandomColor_P" time="0.0">
    <ignored/>
  </testcase> <!-- filterByRandomColor_P -->
</testsuite> <!-- Add Random Product To Cart -->
