<?xml version="1.0" encoding="UTF-8"?>
<!-- Generated by org.testng.reporters.JUnitXMLReporter -->
<testsuite ignored="4" hostname="DESKTOP-ALVIBGB" failures="0" tests="2" name="Check forgot password flow" time="12.029" errors="0" timestamp="2024-06-08T09:23:19 EET">
  <testcase classname="TestCases.TC01_Home" name="clickOnLogOutButton_P" time="1.03"/>
  <testcase classname="TestCases.TC04_ForgetPassword" name="resetPassword_P" time="2.506"/>
  <testcase classname="TestCases.TC01_Home" name="searchForProduct_P" time="0.0">
    <ignored/>
  </testcase> <!-- searchForProduct_P -->
  <testcase classname="TestCases.Testbase" name="@AfterTest closeDriver" time="0.0">
    <ignored/>
  </testcase> <!-- @AfterTest closeDriver -->
  <testcase classname="TestCases.TC01_Home" name="switchBetweenCurrencies_P" time="0.0">
    <ignored/>
  </testcase> <!-- switchBetweenCurrencies_P -->
  <testcase classname="TestCases.Testbase" name="@BeforeTest openHomePage" time="0.0">
    <ignored/>
  </testcase> <!-- @BeforeTest openHomePage -->
</testsuite> <!-- Check forgot password flow -->
