<?xml version="1.0" encoding="UTF-8"?>
<!-- Generated by org.testng.reporters.JUnitXMLReporter -->
<testsuite ignored="3" hostname="DESKTOP-ALVIBGB" failures="0" tests="1" name="filter by random color" time="15.686" errors="0" timestamp="2024-06-08T09:59:59 EET">
  <testcase classname="TestCases.TC05_Product" name="filterByRandomColor_P" time="5.242"/>
  <testcase classname="TestCases.TC05_Product" name="addRandomProductToCart_P" time="0.0">
    <ignored/>
  </testcase> <!-- addRandomProductToCart_P -->
  <testcase classname="TestCases.TC05_Product" name="addRandomProductToCompareList_P" time="0.0">
    <ignored/>
  </testcase> <!-- addRandomProductToCompareList_P -->
  <testcase classname="TestCases.TC05_Product" name="addRandomProductToWhishList_P" time="0.0">
    <ignored/>
  </testcase> <!-- addRandomProductToWhishList_P -->
</testsuite> <!-- filter by random color -->
