<?xml version="1.0" encoding="UTF-8"?>
<!-- Generated by org.testng.reporters.JUnitXMLReporter -->
<testsuite ignored="6" hostname="DESKTOP-ALVIBGB" failures="0" tests="3" name="Login with registered data" time="10.986" errors="0" timestamp="2024-06-09T23:33:55 EET">
  <testcase classname="TestCases.TC02_Registration" name="registerWithValidData_P" time="1.934"/>
  <testcase classname="TestCases.TC01_Home" name="clickOnLogOutButton_P" time="0.965"/>
  <testcase classname="TestCases.TC03_Login" name="loginWithValidDate_P" time="1.435"/>
  <testcase classname="TestCases.Testbase" name="@BeforeTest openHomePage" time="0.0">
    <ignored/>
  </testcase> <!-- @BeforeTest openHomePage -->
  <testcase classname="TestCases.TC01_Home" name="searchForProduct_P" time="0.0">
    <ignored/>
  </testcase> <!-- searchForProduct_P -->
  <testcase classname="TestCases.Testbase" name="@AfterTest closeDriver" time="0.0">
    <ignored/>
  </testcase> <!-- @AfterTest closeDriver -->
  <testcase classname="TestCases.Testbase" name="@AfterTest closeDriver" time="0.0">
    <ignored/>
  </testcase> <!-- @AfterTest closeDriver -->
  <testcase classname="TestCases.TC01_Home" name="switchBetweenCurrencies_P" time="0.0">
    <ignored/>
  </testcase> <!-- switchBetweenCurrencies_P -->
  <testcase classname="TestCases.Testbase" name="@BeforeTest openHomePage" time="0.0">
    <ignored/>
  </testcase> <!-- @BeforeTest openHomePage -->
</testsuite> <!-- Login with registered data -->
