<?xml version="1.0" encoding="UTF-8"?>
<!-- Generated by org.testng.reporters.JUnitXMLReporter -->
<testsuite ignored="6" hostname="DESKTOP-ALVIBGB" failures="0" tests="1" name="Add Random Product To compare list" time="0.005" errors="0" timestamp="2024-06-06T00:57:18 EET">
  <testcase classname="TestCases.TC05_Product" name="addRandomProductToCompareList_P" time="0.0">
    <skipped/>
  </testcase> <!-- addRandomProductToCompareList_P -->
  <testcase classname="TestCases.TC05_Product" name="addRandomProductToWhishList_P" time="0.0">
    <ignored/>
  </testcase> <!-- addRandomProductToWhishList_P -->
  <testcase classname="TestCases.Testbase" name="@AfterTest closeDriver" time="0.0">
    <ignored/>
  </testcase> <!-- @AfterTest closeDriver -->
  <testcase classname="TestCases.TC05_Product" name="filterByRandomColor_P" time="0.0">
    <ignored/>
  </testcase> <!-- filterByRandomColor_P -->
  <testcase classname="TestCases.TC06_Category" name="chooseRandomCategory_P" time="0.0">
    <ignored/>
  </testcase> <!-- chooseRandomCategory_P -->
  <testcase classname="TestCases.TC05_Product" name="addRandomProductToCart_P" time="0.0">
    <ignored/>
  </testcase> <!-- addRandomProductToCart_P -->
  <testcase classname="TestCases.Testbase" name="@BeforeTest openHomePage" time="0.0">
    <ignored/>
  </testcase> <!-- @BeforeTest openHomePage -->
</testsuite> <!-- Add Random Product To compare list -->
