<?xml version="1.0" encoding="UTF-8"?>
<!-- Generated by org.testng.reporters.JUnitXMLReporter -->
<testsuite ignored="2" hostname="DESKTOP-ALVIBGB" failures="0" tests="3" name="Lcheck forgot password flow" time="9.711" errors="0" timestamp="2024-05-24T15:11:21 EET">
  <testcase classname="TestCases.TC02_Registration" name="registerWithValidData_P" time="2.997"/>
  <testcase classname="TestCases.TC01_Home" name="clickOnLogOutButton_P" time="0.929"/>
  <testcase classname="TestCases.TC04_ForgetPassword" name="resetPassword_P" time="2.171"/>
  <testcase classname="TestCases.Testbase" name="@BeforeTest openHomePage" time="0.0">
    <ignored/>
  </testcase> <!-- @BeforeTest openHomePage -->
  <testcase classname="TestCases.Testbase" name="@BeforeTest openHomePage" time="0.0">
    <ignored/>
  </testcase> <!-- @BeforeTest openHomePage -->
</testsuite> <!-- Lcheck forgot password flow -->
