<?xml version="1.0" encoding="UTF-8"?>
<testng-results ignored="0" total="4" passed="4" failed="0" skipped="0">
  <reporter-output>
  </reporter-output>
  <suite started-at="2024-06-09T23:39:53 EET" name="All Test Suite" finished-at="2024-06-09T23:39:53 EET" duration-ms="0">
    <groups>
    </groups>
  </suite> <!-- All Test Suite -->
  <suite started-at="2024-06-09T23:38:45 EET" name="All Test Suite (0)" finished-at="2024-06-09T23:39:53 EET" duration-ms="67728">
    <groups>
    </groups>
    <test started-at="2024-06-09T23:38:45 EET" name="filter by random color" finished-at="2024-06-09T23:38:59 EET" duration-ms="14238">
      <class name="TestCases.TC05_Product">
        <test-method is-config="true" signature="openHomePage(java.lang.String)[pri:0, instance:TestCases.TC05_Product@45b9a632]" started-at="2024-06-09T23:38:45 EET" name="openHomePage" finished-at="2024-06-09T23:38:51 EET" duration-ms="5667" status="PASS">
          <params>
            <param index="0">
              <value>
                <![CDATA[firefox]]>
              </value>
            </param>
          </params>
          <reporter-output>
          </reporter-output>
        </test-method> <!-- openHomePage -->
        <test-method signature="filterByRandomColor_P()[pri:1, instance:TestCases.TC05_Product@45b9a632]" started-at="2024-06-09T23:38:51 EET" name="filterByRandomColor_P" description="filter by random color" finished-at="2024-06-09T23:38:57 EET" duration-ms="6651" status="PASS">
          <reporter-output>
          </reporter-output>
        </test-method> <!-- filterByRandomColor_P -->
        <test-method is-config="true" signature="closeDriver()[pri:0, instance:TestCases.TC05_Product@45b9a632]" started-at="2024-06-09T23:38:57 EET" name="closeDriver" finished-at="2024-06-09T23:38:59 EET" duration-ms="1888" status="PASS">
          <reporter-output>
          </reporter-output>
        </test-method> <!-- closeDriver -->
      </class> <!-- TestCases.TC05_Product -->
    </test> <!-- filter by random color -->
    <test started-at="2024-06-09T23:38:59 EET" name="Add Random Product To Cart" finished-at="2024-06-09T23:39:24 EET" duration-ms="24577">
      <class name="TestCases.TC05_Product">
        <test-method is-config="true" signature="openHomePage(java.lang.String)[pri:0, instance:TestCases.TC05_Product@1184ab05]" started-at="2024-06-09T23:38:59 EET" name="openHomePage" finished-at="2024-06-09T23:39:14 EET" duration-ms="14692" status="PASS">
          <params>
            <param index="0">
              <value>
                <![CDATA[firefox]]>
              </value>
            </param>
          </params>
          <reporter-output>
          </reporter-output>
        </test-method> <!-- openHomePage -->
        <test-method signature="addRandomProductToCart_P()[pri:2, instance:TestCases.TC05_Product@1184ab05]" started-at="2024-06-09T23:39:14 EET" name="addRandomProductToCart_P" description="add random product to cart" finished-at="2024-06-09T23:39:22 EET" duration-ms="8199" status="PASS">
          <reporter-output>
          </reporter-output>
        </test-method> <!-- addRandomProductToCart_P -->
        <test-method is-config="true" signature="closeDriver()[pri:0, instance:TestCases.TC05_Product@1184ab05]" started-at="2024-06-09T23:39:22 EET" name="closeDriver" finished-at="2024-06-09T23:39:24 EET" duration-ms="1686" status="PASS">
          <reporter-output>
          </reporter-output>
        </test-method> <!-- closeDriver -->
      </class> <!-- TestCases.TC05_Product -->
    </test> <!-- Add Random Product To Cart -->
    <test started-at="2024-06-09T23:39:24 EET" name="Add Random Product To whishlist" finished-at="2024-06-09T23:39:39 EET" duration-ms="15079">
      <class name="TestCases.TC05_Product">
        <test-method is-config="true" signature="openHomePage(java.lang.String)[pri:0, instance:TestCases.TC05_Product@149e0f5d]" started-at="2024-06-09T23:39:24 EET" name="openHomePage" finished-at="2024-06-09T23:39:28 EET" duration-ms="4630" status="PASS">
          <params>
            <param index="0">
              <value>
                <![CDATA[firefox]]>
              </value>
            </param>
          </params>
          <reporter-output>
          </reporter-output>
        </test-method> <!-- openHomePage -->
        <test-method signature="addRandomProductToWhishList_P()[pri:3, instance:TestCases.TC05_Product@149e0f5d]" started-at="2024-06-09T23:39:28 EET" name="addRandomProductToWhishList_P" description="add random product to whishlist" finished-at="2024-06-09T23:39:37 EET" duration-ms="8743" status="PASS">
          <reporter-output>
          </reporter-output>
        </test-method> <!-- addRandomProductToWhishList_P -->
        <test-method is-config="true" signature="closeDriver()[pri:0, instance:TestCases.TC05_Product@149e0f5d]" started-at="2024-06-09T23:39:37 EET" name="closeDriver" finished-at="2024-06-09T23:39:39 EET" duration-ms="1690" status="PASS">
          <reporter-output>
          </reporter-output>
        </test-method> <!-- closeDriver -->
      </class> <!-- TestCases.TC05_Product -->
    </test> <!-- Add Random Product To whishlist -->
    <test started-at="2024-06-09T23:39:39 EET" name="Add Random Product To compare list" finished-at="2024-06-09T23:39:53 EET" duration-ms="13775">
      <class name="TestCases.TC06_Category">
        <test-method is-config="true" signature="openHomePage(java.lang.String)[pri:0, instance:TestCases.TC06_Category@36c88a32]" started-at="2024-06-09T23:39:39 EET" name="openHomePage" finished-at="2024-06-09T23:39:43 EET" duration-ms="3785" status="PASS">
          <params>
            <param index="0">
              <value>
                <![CDATA[firefox]]>
              </value>
            </param>
          </params>
          <reporter-output>
          </reporter-output>
        </test-method> <!-- openHomePage -->
        <test-method is-config="true" signature="closeDriver()[pri:0, instance:TestCases.TC06_Category@36c88a32]" started-at="2024-06-09T23:39:51 EET" name="closeDriver" finished-at="2024-06-09T23:39:53 EET" duration-ms="1780" status="PASS">
          <reporter-output>
          </reporter-output>
        </test-method> <!-- closeDriver -->
      </class> <!-- TestCases.TC06_Category -->
      <class name="TestCases.TC05_Product">
        <test-method signature="addRandomProductToCompareList_P()[pri:4, instance:TestCases.TC05_Product@7880cdf3]" started-at="2024-06-09T23:39:43 EET" name="addRandomProductToCompareList_P" description="add random product to compare list" finished-at="2024-06-09T23:39:51 EET" duration-ms="8194" status="PASS">
          <reporter-output>
          </reporter-output>
        </test-method> <!-- addRandomProductToCompareList_P -->
      </class> <!-- TestCases.TC05_Product -->
    </test> <!-- Add Random Product To compare list -->
  </suite> <!-- All Test Suite (0) -->
</testng-results>
