<?xml version="1.0" encoding="UTF-8"?>
<!-- Generated by org.testng.reporters.JUnitXMLReporter -->
<testsuite ignored="3" hostname="DESKTOP-ALVIBGB" failures="0" tests="1" name="Add Random Product To whishlist" time="10.756" errors="0" timestamp="2024-06-07T19:20:45 EET">
  <testcase classname="TestCases.TC05_Product" name="addRandomProductToWhishList_P" time="5.216"/>
  <testcase classname="TestCases.TC05_Product" name="filterByRandomColor_P" time="0.0">
    <ignored/>
  </testcase> <!-- filterByRandomColor_P -->
  <testcase classname="TestCases.TC05_Product" name="addRandomProductToCart_P" time="0.0">
    <ignored/>
  </testcase> <!-- addRandomProductToCart_P -->
  <testcase classname="TestCases.TC05_Product" name="addRandomProductToCompareList_P" time="0.0">
    <ignored/>
  </testcase> <!-- addRandomProductToCompareList_P -->
</testsuite> <!-- Add Random Product To whishlist -->
